Build started 2/8/2015 2:48:17 AM.
     1>Project "C:\Users\Scarb\Desktop\PGM\CPP_13.7.3_use dma and friend to inherite_15.2.8\CPP_13.7.3_use dma and friend to inherite_15.2.8\CPP_13.7.3_use dma and friend to inherite_15.2.8.vcxproj" on node 2 (Build target(s)).
     1>ClCompile:
         C:\Program Files (x86)\Microsoft Visual Studio 12.0\VC\bin\CL.exe /c /ZI /nologo /W3 /WX- /sdl- /Od /Oy- /D _MBCS /Gm /EHsc /RTC1 /MDd /GS /fp:precise /Zc:wchar_t /Zc:forScope /Fo"Debug\\" /Fd"Debug\vc120.pdb" /Gd /TP /analyze- /errorReport:prompt DMA.cpp usedma.cpp
         DMA.cpp
     1>c:\users\scarb\desktop\pgm\cpp_13.7.3_use dma and friend to inherite_15.2.8\cpp_13.7.3_use dma and friend to inherite_15.2.8\dma.cpp(9): warning C4996: 'strcpy': This function or variable may be unsafe. Consider using strcpy_s instead. To disable deprecation, use _CRT_SECURE_NO_WARNINGS. See online help for details.
                 c:\program files (x86)\microsoft visual studio 12.0\vc\include\string.h(112) : see declaration of 'strcpy'
     1>c:\users\scarb\desktop\pgm\cpp_13.7.3_use dma and friend to inherite_15.2.8\cpp_13.7.3_use dma and friend to inherite_15.2.8\dma.cpp(16): warning C4996: 'strcpy': This function or variable may be unsafe. Consider using strcpy_s instead. To disable deprecation, use _CRT_SECURE_NO_WARNINGS. See online help for details.
                 c:\program files (x86)\microsoft visual studio 12.0\vc\include\string.h(112) : see declaration of 'strcpy'
     1>c:\users\scarb\desktop\pgm\cpp_13.7.3_use dma and friend to inherite_15.2.8\cpp_13.7.3_use dma and friend to inherite_15.2.8\dma.cpp(31): warning C4996: 'strcpy': This function or variable may be unsafe. Consider using strcpy_s instead. To disable deprecation, use _CRT_SECURE_NO_WARNINGS. See online help for details.
                 c:\program files (x86)\microsoft visual studio 12.0\vc\include\string.h(112) : see declaration of 'strcpy'
     1>c:\users\scarb\desktop\pgm\cpp_13.7.3_use dma and friend to inherite_15.2.8\cpp_13.7.3_use dma and friend to inherite_15.2.8\dma.cpp(46): warning C4996: 'strncpy': This function or variable may be unsafe. Consider using strncpy_s instead. To disable deprecation, use _CRT_SECURE_NO_WARNINGS. See online help for details.
                 c:\program files (x86)\microsoft visual studio 12.0\vc\include\string.h(195) : see declaration of 'strncpy'
     1>c:\users\scarb\desktop\pgm\cpp_13.7.3_use dma and friend to inherite_15.2.8\cpp_13.7.3_use dma and friend to inherite_15.2.8\dma.cpp(52): warning C4996: 'strncpy': This function or variable may be unsafe. Consider using strncpy_s instead. To disable deprecation, use _CRT_SECURE_NO_WARNINGS. See online help for details.
                 c:\program files (x86)\microsoft visual studio 12.0\vc\include\string.h(195) : see declaration of 'strncpy'
     1>c:\users\scarb\desktop\pgm\cpp_13.7.3_use dma and friend to inherite_15.2.8\cpp_13.7.3_use dma and friend to inherite_15.2.8\dma.cpp(67): warning C4996: 'strcpy': This function or variable may be unsafe. Consider using strcpy_s instead. To disable deprecation, use _CRT_SECURE_NO_WARNINGS. See online help for details.
                 c:\program files (x86)\microsoft visual studio 12.0\vc\include\string.h(112) : see declaration of 'strcpy'
     1>c:\users\scarb\desktop\pgm\cpp_13.7.3_use dma and friend to inherite_15.2.8\cpp_13.7.3_use dma and friend to inherite_15.2.8\dma.cpp(73): warning C4996: 'strcpy': This function or variable may be unsafe. Consider using strcpy_s instead. To disable deprecation, use _CRT_SECURE_NO_WARNINGS. See online help for details.
                 c:\program files (x86)\microsoft visual studio 12.0\vc\include\string.h(112) : see declaration of 'strcpy'
     1>c:\users\scarb\desktop\pgm\cpp_13.7.3_use dma and friend to inherite_15.2.8\cpp_13.7.3_use dma and friend to inherite_15.2.8\dma.cpp(79): warning C4996: 'strcpy': This function or variable may be unsafe. Consider using strcpy_s instead. To disable deprecation, use _CRT_SECURE_NO_WARNINGS. See online help for details.
                 c:\program files (x86)\microsoft visual studio 12.0\vc\include\string.h(112) : see declaration of 'strcpy'
     1>c:\users\scarb\desktop\pgm\cpp_13.7.3_use dma and friend to inherite_15.2.8\cpp_13.7.3_use dma and friend to inherite_15.2.8\dma.cpp(94): warning C4996: 'strcpy': This function or variable may be unsafe. Consider using strcpy_s instead. To disable deprecation, use _CRT_SECURE_NO_WARNINGS. See online help for details.
                 c:\program files (x86)\microsoft visual studio 12.0\vc\include\string.h(112) : see declaration of 'strcpy'
         Generating Code...
         Compiling...
         usedma.cpp
         Generating Code...
       Link:
         C:\Program Files (x86)\Microsoft Visual Studio 12.0\VC\bin\link.exe /ERRORREPORT:PROMPT /OUT:"C:\Users\Scarb\Desktop\PGM\CPP_13.7.3_use dma and friend to inherite_15.2.8\Debug\CPP_13.7.3_use dma and friend to inherite_15.2.8.exe" /INCREMENTAL /NOLOGO kernel32.lib user32.lib gdi32.lib winspool.lib comdlg32.lib advapi32.lib shell32.lib ole32.lib oleaut32.lib uuid.lib odbc32.lib odbccp32.lib /MANIFEST /MANIFESTUAC:"level='asInvoker' uiAccess='false'" /manifest:embed /DEBUG /PDB:"C:\Users\Scarb\Desktop\PGM\CPP_13.7.3_use dma and friend to inherite_15.2.8\Debug\CPP_13.7.3_use dma and friend to inherite_15.2.8.pdb" /TLBID:1 /DYNAMICBASE /NXCOMPAT /IMPLIB:"C:\Users\Scarb\Desktop\PGM\CPP_13.7.3_use dma and friend to inherite_15.2.8\Debug\CPP_13.7.3_use dma and friend to inherite_15.2.8.lib" /MACHINE:X86 Debug\DMA.obj
         Debug\usedma.obj
         CPP_13.7.3_use dma and friend to inherite_15.2.8.vcxproj -> C:\Users\Scarb\Desktop\PGM\CPP_13.7.3_use dma and friend to inherite_15.2.8\Debug\CPP_13.7.3_use dma and friend to inherite_15.2.8.exe
     1>Done Building Project "C:\Users\Scarb\Desktop\PGM\CPP_13.7.3_use dma and friend to inherite_15.2.8\CPP_13.7.3_use dma and friend to inherite_15.2.8\CPP_13.7.3_use dma and friend to inherite_15.2.8.vcxproj" (Build target(s)).

Build succeeded.

Time Elapsed 00:00:00.93
