生成启动时间为 1/23/2015 3:47:04 PM。
     1>项目“C:\Users\Scarb\Desktop\PGM\CPP_12.2_BetterString_15.1.23\CPP_12.2_BetterString_15.1.23\CPP_12.2_BetterString_15.1.23.vcxproj”在节点 2 上(Build 个目标)。
     1>ClCompile:
         C:\Program Files (x86)\Microsoft Visual Studio 12.0\VC\bin\CL.exe /c /ZI /nologo /W3 /WX- /sdl- /Od /Oy- /D _MBCS /Gm /EHsc /RTC1 /MDd /GS /fp:precise /Zc:wchar_t /Zc:forScope /Fo"Debug\\" /Fd"Debug\vc120.pdb" /Gd /TP /analyze- /errorReport:prompt string1.cpp
         string1.cpp
     1>c:\users\scarb\desktop\pgm\cpp_12.2_betterstring_15.1.23\cpp_12.2_betterstring_15.1.23\string1.cpp(22): warning C4996: 'strcpy': This function or variable may be unsafe. Consider using strcpy_s instead. To disable deprecation, use _CRT_SECURE_NO_WARNINGS. See online help for details.
                 c:\program files (x86)\microsoft visual studio 12.0\vc\include\string.h(112) : 参见“strcpy”的声明
     1>c:\users\scarb\desktop\pgm\cpp_12.2_betterstring_15.1.23\cpp_12.2_betterstring_15.1.23\string1.cpp(39): warning C4996: 'strcpy': This function or variable may be unsafe. Consider using strcpy_s instead. To disable deprecation, use _CRT_SECURE_NO_WARNINGS. See online help for details.
                 c:\program files (x86)\microsoft visual studio 12.0\vc\include\string.h(112) : 参见“strcpy”的声明
     1>c:\users\scarb\desktop\pgm\cpp_12.2_betterstring_15.1.23\cpp_12.2_betterstring_15.1.23\string1.cpp(58): warning C4996: 'strcpy': This function or variable may be unsafe. Consider using strcpy_s instead. To disable deprecation, use _CRT_SECURE_NO_WARNINGS. See online help for details.
                 c:\program files (x86)\microsoft visual studio 12.0\vc\include\string.h(112) : 参见“strcpy”的声明
     1>c:\users\scarb\desktop\pgm\cpp_12.2_betterstring_15.1.23\cpp_12.2_betterstring_15.1.23\string1.cpp(68): warning C4996: 'strcpy': This function or variable may be unsafe. Consider using strcpy_s instead. To disable deprecation, use _CRT_SECURE_NO_WARNINGS. See online help for details.
                 c:\program files (x86)\microsoft visual studio 12.0\vc\include\string.h(112) : 参见“strcpy”的声明
       Link:
         C:\Program Files (x86)\Microsoft Visual Studio 12.0\VC\bin\link.exe /ERRORREPORT:PROMPT /OUT:"C:\Users\Scarb\Desktop\PGM\CPP_12.2_BetterString_15.1.23\Debug\CPP_12.2_BetterString_15.1.23.exe" /INCREMENTAL /NOLOGO kernel32.lib user32.lib gdi32.lib winspool.lib comdlg32.lib advapi32.lib shell32.lib ole32.lib oleaut32.lib uuid.lib odbc32.lib odbccp32.lib /MANIFEST /MANIFESTUAC:"level='asInvoker' uiAccess='false'" /manifest:embed /DEBUG /PDB:"C:\Users\Scarb\Desktop\PGM\CPP_12.2_BetterString_15.1.23\Debug\CPP_12.2_BetterString_15.1.23.pdb" /TLBID:1 /DYNAMICBASE /NXCOMPAT /IMPLIB:"C:\Users\Scarb\Desktop\PGM\CPP_12.2_BetterString_15.1.23\Debug\CPP_12.2_BetterString_15.1.23.lib" /MACHINE:X86 Debug\sayings.obj
         Debug\string1.obj
     1>sayings.obj : error LNK2019: 无法解析的外部符号 "class std::basic_istream<char,struct std::char_traits<char> > & __cdecl operator>>(class std::basic_istream<char,struct std::char_traits<char> > &,class String const &)" (??5@YAAAV?$basic_istream@DU?$char_traits@D@std@@@std@@AAV01@ABVString@@@Z)，该符号在函数 _main 中被引用
     1>C:\Users\Scarb\Desktop\PGM\CPP_12.2_BetterString_15.1.23\Debug\CPP_12.2_BetterString_15.1.23.exe : fatal error LNK1120: 1 个无法解析的外部命令
     1>已完成生成项目“C:\Users\Scarb\Desktop\PGM\CPP_12.2_BetterString_15.1.23\CPP_12.2_BetterString_15.1.23\CPP_12.2_BetterString_15.1.23.vcxproj”(Build 个目标)的操作 - 失败。

生成失败。

已用时间 00:00:00.55
